<?xml version="1.0" encoding="UTF-8"?>
<!-- Generated by org.testng.reporters.JUnitXMLReporter -->
<testsuite ignored="0" hostname="BDC6-L-FCY7FL3" failures="0" tests="4" name="Default test" time="0.05" errors="0" timestamp="2022-05-06T00:00:01 IST">
  <testcase classname="ui.ReportTest" name="reporttest1" time="0.01"/>
  <testcase classname="ui.ReportTest" name="reporttest2" time="0.002"/>
  <testcase classname="ui.ReportTest" name="reporttest3" time="0.001"/>
  <testcase classname="ui.ReportTest" name="reporttest4" time="0.002"/>
</testsuite> <!-- Default test -->
